#
# There is insufficient memory for the Java Runtime Environment to continue.
# Native memory allocation (malloc) failed to allocate 32744 bytes for ChunkPool::allocate
# Possible reasons:
#   The system is out of physical RAM or swap space
#   The process is running with CompressedOops enabled, and the Java Heap may be blocking the growth of the native heap
# Possible solutions:
#   Reduce memory load on the system
#   Increase physical memory or swap space
#   Check if swap backing store is full
#   Decrease Java heap size (-Xmx/-Xms)
#   Decrease number of Java threads
#   Decrease Java thread stack sizes (-Xss)
#   Set larger code cache with -XX:ReservedCodeCacheSize=
#   JVM is running with Unscaled Compressed Oops mode in which the Java heap is
#     placed in the first 4GB address space. The Java Heap base address is the
#     maximum limit for the native heap growth. Please use -XX:HeapBaseMinAddress
#     to set the Java Heap base and to place the Java Heap above 4GB virtual address.
# This output file may be truncated or incomplete.
#
#  Out of Memory Error (allocation.cpp:272), pid=7852, tid=0x000000000000213c
#
# JRE version: OpenJDK Runtime Environment (8.0_242-b01) (build 1.8.0_242-release-1644-b01)
# Java VM: OpenJDK 64-Bit Server VM (25.242-b01 mixed mode windows-amd64 compressed oops)
# Failed to write core dump. Minidumps are not enabled by default on client versions of Windows
#

---------------  T H R E A D  ---------------

Current thread (0x000000001437f000):  JavaThread "C2 CompilerThread1" daemon [_thread_in_native, id=8508, stack(0x0000000015ad0000,0x0000000015bd0000)]

Stack: [0x0000000015ad0000,0x0000000015bd0000]
[error occurred during error reporting (printing stack bounds), id 0xc0000005]

Native frames: (J=compiled Java code, j=interpreted, Vv=VM code, C=native code)


Current CompileTask:
C2:   9672 1482       4       java.net.URLClassLoader$1::run (5 bytes)


---------------  P R O C E S S  ---------------

Java Threads: ( => current thread )
  0x0000000017e46000 JavaThread "Cache worker for file hash cache (C:\Users\Unique\.gradle\caches\6.1.1\fileHashes)" [_thread_blocked, id=10192, stack(0x000000001a0f0000,0x000000001a1f0000)]
  0x0000000017e46800 JavaThread "File lock request listener" [_thread_in_native, id=7772, stack(0x0000000019ff0000,0x000000001a0f0000)]
  0x0000000017585000 JavaThread "Cache worker for journal cache (C:\Users\Unique\.gradle\caches\journal-1)" [_thread_blocked, id=7188, stack(0x0000000019ef0000,0x0000000019ff0000)]
  0x0000000016ab3000 JavaThread "Thread-9" [_thread_blocked, id=9928, stack(0x0000000019bf0000,0x0000000019cf0000)]
  0x0000000015eb9800 JavaThread "Stdin handler" [_thread_blocked, id=9336, stack(0x0000000019af0000,0x0000000019bf0000)]
  0x0000000015eb4800 JavaThread "Asynchronous log dispatcher for DefaultDaemonConnection: socket connection from /127.0.0.1:50127 to /127.0.0.1:50130" [_thread_blocked, id=2872, stack(0x00000000199f0000,0x0000000019af0000)]
  0x0000000016fba000 JavaThread "Daemon worker" [_thread_in_vm, id=9088, stack(0x00000000198f0000,0x00000000199f0000)]
  0x0000000017627000 JavaThread "Cancel handler" [_thread_blocked, id=6984, stack(0x00000000197f0000,0x00000000198f0000)]
  0x00000000174b5800 JavaThread "Handler for socket connection from /127.0.0.1:50127 to /127.0.0.1:50130" [_thread_in_native, id=4200, stack(0x00000000194f0000,0x00000000195f0000)]
  0x0000000017462000 JavaThread "Daemon" [_thread_blocked, id=5368, stack(0x00000000193f0000,0x00000000194f0000)]
  0x0000000017460800 JavaThread "Daemon periodic checks" [_thread_blocked, id=8484, stack(0x00000000192f0000,0x00000000193f0000)]
  0x00000000176e7800 JavaThread "Incoming local TCP Connector on port 50127" [_thread_in_native, id=2852, stack(0x00000000190b0000,0x00000000191b0000)]
  0x0000000017cba800 JavaThread "Daemon health stats" [_thread_blocked, id=9568, stack(0x0000000018a70000,0x0000000018b70000)]
  0x0000000015cf8800 JavaThread "Service Thread" daemon [_thread_blocked, id=5928, stack(0x00000000160d0000,0x00000000161d0000)]
  0x0000000014382000 JavaThread "C1 CompilerThread2" daemon [_thread_blocked, id=7284, stack(0x0000000015bd0000,0x0000000015cd0000)]
=>0x000000001437f000 JavaThread "C2 CompilerThread1" daemon [_thread_in_native, id=8508, stack(0x0000000015ad0000,0x0000000015bd0000)]
  0x0000000014377000 JavaThread "C2 CompilerThread0" daemon [_thread_blocked, id=10144, stack(0x00000000159d0000,0x0000000015ad0000)]
  0x0000000014373800 JavaThread "Attach Listener" daemon [_thread_blocked, id=7096, stack(0x00000000158d0000,0x00000000159d0000)]
  0x0000000014372000 JavaThread "Signal Dispatcher" daemon [_thread_blocked, id=9508, stack(0x00000000157d0000,0x00000000158d0000)]
  0x0000000002ecb800 JavaThread "Finalizer" daemon [_thread_blocked, id=2540, stack(0x00000000155d0000,0x00000000156d0000)]
  0x0000000014359000 JavaThread "Reference Handler" daemon [_thread_blocked, id=6180, stack(0x00000000154d0000,0x00000000155d0000)]
  0x0000000002f4e000 JavaThread "main" [_thread_blocked, id=4660, stack(0x0000000002c50000,0x0000000002d50000)]

Other Threads:
  0x0000000014337000 VMThread [stack: 0x00000000153d0000,0x00000000154d0000] [id=5056]
  0x00000000143cc800 WatcherThread [stack: 0x00000000161d0000,0x00000000162d0000] [id=5876]

VM state:not at safepoint (normal execution)

VM Mutex/Monitor currently owned by a thread: None

heap address: 0x00000000e0000000, size: 512 MB, Compressed Oops mode: 32-bit
Narrow klass base: 0x0000000000000000, Narrow klass shift: 3
Compressed class space size: 1073741824 Address: 0x0000000100000000

Heap:
 PSYoungGen      total 76288K, used 13761K [0x00000000f5580000, 0x00000000faa80000, 0x0000000100000000)
  eden space 65536K, 7% used [0x00000000f5580000,0x00000000f59fee08,0x00000000f9580000)
  from space 10752K, 85% used [0x00000000fa000000,0x00000000fa8f1668,0x00000000faa80000)
  to   space 10752K, 0% used [0x00000000f9580000,0x00000000f9580000,0x00000000fa000000)
 ParOldGen       total 175104K, used 24K [0x00000000e0000000, 0x00000000eab00000, 0x00000000f5580000)
  object space 175104K, 0% used [0x00000000e0000000,0x00000000e0006000,0x00000000eab00000)
 Metaspace       used 15236K, capacity 15692K, committed 15872K, reserved 1062912K
  class space    used 2036K, capacity 2218K, committed 2304K, reserved 1048576K

Card table byte_map: [0x0000000012310000,0x0000000012420000] byte_map_base: 0x0000000011c10000

Marking Bits: (ParMarkBitMap*) 0x0000000065bcf030
 Begin Bits: [0x00000000128d0000, 0x00000000130d0000)
 End Bits:   [0x00000000130d0000, 0x00000000138d0000)

Polling page: 0x0000000001050000

CodeCache: size=245760Kb used=5249Kb max_used=5261Kb free=240510Kb
 bounds [0x0000000002f50000, 0x0000000003480000, 0x0000000011f50000]
 total_blobs=1874 nmethods=1483 adapters=304
 compilation: enabled

Compilation events (10 events):
Event: 9.197 Thread 0x0000000014377000 nmethod 1481 0x0000000003466cd0 code [0x0000000003466e00, 0x0000000003466f38]
Event: 9.216 Thread 0x000000001437f000 1482       4       java.net.URLClassLoader$1::run (5 bytes)
Event: 9.226 Thread 0x0000000014382000 1483       3       java.util.regex.Pattern$Curly::match0 (174 bytes)
Event: 9.227 Thread 0x0000000014382000 nmethod 1483 0x0000000003468dd0 code [0x0000000003468fc0, 0x00000000034699f8]
Event: 9.259 Thread 0x0000000014382000 1484       3       java.lang.reflect.Constructor::setConstructorAccessor (21 bytes)
Event: 9.259 Thread 0x0000000014382000 nmethod 1484 0x0000000003465890 code [0x0000000003465a00, 0x0000000003465da8]
Event: 9.262 Thread 0x0000000014382000 1485       3       sun.nio.cs.UTF_8::newEncoder (10 bytes)
Event: 9.263 Thread 0x0000000014382000 nmethod 1485 0x0000000003468650 code [0x0000000003468800, 0x0000000003468bc8]
Event: 9.532 Thread 0x0000000014377000 1486       4       java.util.jar.Attributes$Name::hashCode (24 bytes)
Event: 9.540 Thread 0x0000000014377000 nmethod 1486 0x0000000003475690 code [0x00000000034757e0, 0x0000000003475ab8]

GC Heap History (4 events):
Event: 2.784 GC heap before
{Heap before GC invocations=1 (full 0):
 PSYoungGen      total 76288K, used 65536K [0x00000000f5580000, 0x00000000faa80000, 0x0000000100000000)
  eden space 65536K, 100% used [0x00000000f5580000,0x00000000f9580000,0x00000000f9580000)
  from space 10752K, 0% used [0x00000000fa000000,0x00000000fa000000,0x00000000faa80000)
  to   space 10752K, 0% used [0x00000000f9580000,0x00000000f9580000,0x00000000fa000000)
 ParOldGen       total 175104K, used 0K [0x00000000e0000000, 0x00000000eab00000, 0x00000000f5580000)
  object space 175104K, 0% used [0x00000000e0000000,0x00000000e0000000,0x00000000eab00000)
 Metaspace       used 7711K, capacity 7906K, committed 8064K, reserved 1056768K
  class space    used 942K, capacity 1038K, committed 1152K, reserved 1048576K
Event: 2.795 GC heap after
Heap after GC invocations=1 (full 0):
 PSYoungGen      total 76288K, used 5681K [0x00000000f5580000, 0x00000000faa80000, 0x0000000100000000)
  eden space 65536K, 0% used [0x00000000f5580000,0x00000000f5580000,0x00000000f9580000)
  from space 10752K, 52% used [0x00000000f9580000,0x00000000f9b0c430,0x00000000fa000000)
  to   space 10752K, 0% used [0x00000000fa000000,0x00000000fa000000,0x00000000faa80000)
 ParOldGen       total 175104K, used 16K [0x00000000e0000000, 0x00000000eab00000, 0x00000000f5580000)
  object space 175104K, 0% used [0x00000000e0000000,0x00000000e0004000,0x00000000eab00000)
 Metaspace       used 7711K, capacity 7906K, committed 8064K, reserved 1056768K
  class space    used 942K, capacity 1038K, committed 1152K, reserved 1048576K
}
Event: 9.157 GC heap before
{Heap before GC invocations=2 (full 0):
 PSYoungGen      total 76288K, used 71217K [0x00000000f5580000, 0x00000000faa80000, 0x0000000100000000)
  eden space 65536K, 100% used [0x00000000f5580000,0x00000000f9580000,0x00000000f9580000)
  from space 10752K, 52% used [0x00000000f9580000,0x00000000f9b0c430,0x00000000fa000000)
  to   space 10752K, 0% used [0x00000000fa000000,0x00000000fa000000,0x00000000faa80000)
 ParOldGen       total 175104K, used 16K [0x00000000e0000000, 0x00000000eab00000, 0x00000000f5580000)
  object space 175104K, 0% used [0x00000000e0000000,0x00000000e0004000,0x00000000eab00000)
 Metaspace       used 14826K, capacity 15244K, committed 15488K, reserved 1062912K
  class space    used 1961K, capacity 2090K, committed 2176K, reserved 1048576K
Event: 9.188 GC heap after
Heap after GC invocations=2 (full 0):
 PSYoungGen      total 76288K, used 9157K [0x00000000f5580000, 0x00000000faa80000, 0x0000000100000000)
  eden space 65536K, 0% used [0x00000000f5580000,0x00000000f5580000,0x00000000f9580000)
  from space 10752K, 85% used [0x00000000fa000000,0x00000000fa8f1668,0x00000000faa80000)
  to   space 10752K, 0% used [0x00000000f9580000,0x00000000f9580000,0x00000000fa000000)
 ParOldGen       total 175104K, used 24K [0x00000000e0000000, 0x00000000eab00000, 0x00000000f5580000)
  object space 175104K, 0% used [0x00000000e0000000,0x00000000e0006000,0x00000000eab00000)
 Metaspace       used 14826K, capacity 15244K, committed 15488K, reserved 1062912K
  class space    used 1961K, capacity 2090K, committed 2176K, reserved 1048576K
}

Deoptimization events (10 events):
Event: 4.447 Thread 0x0000000002f4e000 Uncommon trap: reason=unstable_if action=reinterpret pc=0x00000000032732a4 method=java.io.WinNTFileSystem.normalize(Ljava/lang/String;)Ljava/lang/String; @ 128
Event: 6.246 Thread 0x00000000174b5800 Uncommon trap: reason=unstable_if action=reinterpret pc=0x000000000334c928 method=java.util.concurrent.ConcurrentHashMap.putVal(Ljava/lang/Object;Ljava/lang/Object;Z)Ljava/lang/Object; @ 206
Event: 6.293 Thread 0x00000000174b5800 Uncommon trap: reason=unstable_if action=reinterpret pc=0x000000000325d194 method=java.lang.String.substring(I)Ljava/lang/String; @ 35
Event: 6.398 Thread 0x0000000016fba000 Uncommon trap: reason=bimorphic action=maybe_recompile pc=0x000000000321028c method=java.util.HashMap.putVal(ILjava/lang/Object;Ljava/lang/Object;ZZ)Ljava/lang/Object; @ 253
Event: 6.399 Thread 0x0000000016fba000 Uncommon trap: reason=bimorphic action=maybe_recompile pc=0x000000000321028c method=java.util.HashMap.putVal(ILjava/lang/Object;Ljava/lang/Object;ZZ)Ljava/lang/Object; @ 253
Event: 6.399 Thread 0x0000000016fba000 Uncommon trap: reason=bimorphic action=maybe_recompile pc=0x000000000321028c method=java.util.HashMap.putVal(ILjava/lang/Object;Ljava/lang/Object;ZZ)Ljava/lang/Object; @ 253
Event: 8.779 Thread 0x0000000016fba000 Uncommon trap: reason=class_check action=maybe_recompile pc=0x0000000003282f18 method=java.util.regex.Matcher.match(II)Z @ 86
Event: 8.779 Thread 0x0000000016fba000 Uncommon trap: reason=class_check action=maybe_recompile pc=0x0000000003282f18 method=java.util.regex.Matcher.match(II)Z @ 86
Event: 8.780 Thread 0x0000000016fba000 Uncommon trap: reason=class_check action=maybe_recompile pc=0x0000000003282f18 method=java.util.regex.Matcher.match(II)Z @ 86
Event: 8.780 Thread 0x0000000016fba000 Uncommon trap: reason=class_check action=maybe_recompile pc=0x0000000003246e5c method=java.util.regex.Matcher.match(II)Z @ 86

Classes redefined (0 events):
No events

Internal exceptions (10 events):
Event: 6.254 Thread 0x00000000174b5800 Exception <a 'java/lang/NoSuchMethodError': <clinit>> (0x00000000f75ce128) thrown at [C:\src\AOSP-openjdk-git\hotspot\src\share\vm\prims\jni.cpp, line 1615]
Event: 6.260 Thread 0x00000000174b5800 Exception <a 'java/lang/NoSuchMethodError': <clinit>> (0x00000000f75e0b60) thrown at [C:\src\AOSP-openjdk-git\hotspot\src\share\vm\prims\jni.cpp, line 1615]
Event: 6.267 Thread 0x00000000174b5800 Exception <a 'java/lang/NoSuchMethodError': <clinit>> (0x00000000f76078d8) thrown at [C:\src\AOSP-openjdk-git\hotspot\src\share\vm\prims\jni.cpp, line 1615]
Event: 6.272 Thread 0x00000000174b5800 Exception <a 'java/lang/NoSuchMethodError': <clinit>> (0x00000000f761f518) thrown at [C:\src\AOSP-openjdk-git\hotspot\src\share\vm\prims\jni.cpp, line 1615]
Event: 6.273 Thread 0x00000000174b5800 Exception <a 'java/lang/NoSuchMethodError': <clinit>> (0x00000000f76280b8) thrown at [C:\src\AOSP-openjdk-git\hotspot\src\share\vm\prims\jni.cpp, line 1615]
Event: 6.277 Thread 0x00000000174b5800 Exception <a 'java/lang/NoSuchMethodError': <clinit>> (0x00000000f763e4e8) thrown at [C:\src\AOSP-openjdk-git\hotspot\src\share\vm\prims\jni.cpp, line 1615]
Event: 6.311 Thread 0x00000000174b5800 Exception <a 'java/lang/NoSuchMethodError': <clinit>> (0x00000000f7698990) thrown at [C:\src\AOSP-openjdk-git\hotspot\src\share\vm\prims\jni.cpp, line 1615]
Event: 6.327 Thread 0x00000000174b5800 Exception <a 'java/lang/NoSuchMethodError': <clinit>> (0x00000000f76c53b0) thrown at [C:\src\AOSP-openjdk-git\hotspot\src\share\vm\prims\jni.cpp, line 1615]
Event: 6.347 Thread 0x00000000174b5800 Exception <a 'java/lang/NoSuchMethodError': <clinit>> (0x00000000f76f25a8) thrown at [C:\src\AOSP-openjdk-git\hotspot\src\share\vm\prims\jni.cpp, line 1615]
Event: 6.350 Thread 0x00000000174b5800 Exception <a 'java/lang/NoSuchMethodError': <clinit>> (0x00000000f76fd630) thrown at [C:\src\AOSP-openjdk-git\hotspot\src\share\vm\prims\jni.cpp, line 1615]

Events (10 events):
Event: 9.562 loading class org/gradle/configuration/InitScriptProcessor
Event: 9.562 loading class org/gradle/configuration/InitScriptProcessor done
Event: 9.562 loading class org/gradle/initialization/SettingsPreparer
Event: 9.562 loading class org/gradle/initialization/SettingsPreparer done
Event: 9.562 loading class org/gradle/api/invocation/BuildInvocationDetails
Event: 9.563 loading class org/gradle/api/invocation/BuildInvocationDetails done
Event: 9.620 loading class org/gradle/groovy/scripts/internal/FileCacheBackedScriptClassCompiler
Event: 9.620 loading class org/gradle/groovy/scripts/internal/FileCacheBackedScriptClassCompiler done
Event: 9.621 loading class org/gradle/initialization/buildsrc/BuildSourceBuilder
Event: 9.621 loading class org/gradle/initialization/buildsrc/BuildSourceBuilder done


Dynamic libraries:
0x00007ff7594b0000 - 0x00007ff7594e1000 	C:\Program Files\Android\Android Studio\jre\bin\java.exe
0x00007ffbc9770000 - 0x00007ffbc9965000 	C:\WINDOWS\SYSTEM32\ntdll.dll
0x00007ffbc88a0000 - 0x00007ffbc895d000 	C:\WINDOWS\System32\KERNEL32.DLL
0x00007ffbc7260000 - 0x00007ffbc7527000 	C:\WINDOWS\System32\KERNELBASE.dll
0x00007ffbc9450000 - 0x00007ffbc94fa000 	C:\WINDOWS\System32\ADVAPI32.dll
0x00007ffbc8a00000 - 0x00007ffbc8a9e000 	C:\WINDOWS\System32\msvcrt.dll
0x00007ffbc84c0000 - 0x00007ffbc855b000 	C:\WINDOWS\System32\sechost.dll
0x00007ffbc7810000 - 0x00007ffbc7934000 	C:\WINDOWS\System32\RPCRT4.dll
0x00007ffbc8560000 - 0x00007ffbc8700000 	C:\WINDOWS\System32\USER32.dll
0x00007ffbc7040000 - 0x00007ffbc7062000 	C:\WINDOWS\System32\win32u.dll
0x00007ffbc7940000 - 0x00007ffbc796a000 	C:\WINDOWS\System32\GDI32.dll
0x00007ffbc7150000 - 0x00007ffbc7259000 	C:\WINDOWS\System32\gdi32full.dll
0x00007ffbc7730000 - 0x00007ffbc77cd000 	C:\WINDOWS\System32\msvcp_win.dll
0x00007ffbc75e0000 - 0x00007ffbc76e0000 	C:\WINDOWS\System32\ucrtbase.dll
0x00007ffbb7de0000 - 0x00007ffbb807b000 	C:\WINDOWS\WinSxS\amd64_microsoft.windows.common-controls_6595b64144ccf1df_6.0.19041.488_none_ca04af081b815d21\COMCTL32.dll
0x00007ffbc77d0000 - 0x00007ffbc7800000 	C:\WINDOWS\System32\IMM32.DLL
0x0000000065240000 - 0x0000000065312000 	C:\Program Files\Android\Android Studio\jre\jre\bin\msvcr100.dll
0x0000000065400000 - 0x0000000065c4b000 	C:\Program Files\Android\Android Studio\jre\jre\bin\server\jvm.dll
0x00007ffbc8960000 - 0x00007ffbc8968000 	C:\WINDOWS\System32\PSAPI.DLL
0x00007ffbbb570000 - 0x00007ffbbb57a000 	C:\WINDOWS\SYSTEM32\VERSION.dll
0x00007ffbbb170000 - 0x00007ffbbb197000 	C:\WINDOWS\SYSTEM32\WINMM.dll
0x00007ffbb5e30000 - 0x00007ffbb5e39000 	C:\WINDOWS\SYSTEM32\WSOCK32.dll
0x00007ffbc8830000 - 0x00007ffbc889b000 	C:\WINDOWS\System32\WS2_32.dll
0x00007ffbb3330000 - 0x00007ffbb333f000 	C:\Program Files\Android\Android Studio\jre\jre\bin\verify.dll
0x00007ffba3750000 - 0x00007ffba3779000 	C:\Program Files\Android\Android Studio\jre\jre\bin\java.dll
0x00007ffbae7a0000 - 0x00007ffbae7b6000 	C:\Program Files\Android\Android Studio\jre\jre\bin\zip.dll
0x00007ffbc7970000 - 0x00007ffbc80b1000 	C:\WINDOWS\System32\SHELL32.dll
0x00007ffbc5010000 - 0x00007ffbc57a3000 	C:\WINDOWS\SYSTEM32\windows.storage.dll
0x00007ffbc8bd0000 - 0x00007ffbc8f25000 	C:\WINDOWS\System32\combase.dll
0x00007ffbc68b0000 - 0x00007ffbc68dc000 	C:\WINDOWS\SYSTEM32\Wldp.dll
0x00007ffbc9680000 - 0x00007ffbc972e000 	C:\WINDOWS\System32\SHCORE.dll
0x00007ffbc81b0000 - 0x00007ffbc8205000 	C:\WINDOWS\System32\shlwapi.dll
0x00007ffbc6de0000 - 0x00007ffbc6e06000 	C:\WINDOWS\SYSTEM32\profapi.dll
0x00007ffbaa990000 - 0x00007ffbaa9aa000 	C:\Program Files\Android\Android Studio\jre\jre\bin\net.dll
0x00007ffbc65d0000 - 0x00007ffbc663a000 	C:\WINDOWS\system32\mswsock.dll
0x00007ffba87a0000 - 0x00007ffba87b3000 	C:\Program Files\Android\Android Studio\jre\jre\bin\nio.dll
0x00007ffbb65f0000 - 0x00007ffbb6616000 	C:\Users\Unique\.gradle\native\31\windows-amd64\native-platform.dll
0x00007ffbb01c0000 - 0x00007ffbb01cd000 	C:\Program Files\Android\Android Studio\jre\jre\bin\management.dll
0x00007ffbc67a0000 - 0x00007ffbc67b8000 	C:\WINDOWS\SYSTEM32\CRYPTSP.dll
0x00007ffbc5f60000 - 0x00007ffbc5f94000 	C:\WINDOWS\system32\rsaenh.dll
0x00007ffbc6eb0000 - 0x00007ffbc6ed7000 	C:\WINDOWS\System32\bcrypt.dll
0x00007ffbc6d60000 - 0x00007ffbc6d8e000 	C:\WINDOWS\SYSTEM32\USERENV.dll
0x00007ffbc70d0000 - 0x00007ffbc714f000 	C:\WINDOWS\System32\bcryptprimitives.dll
0x00007ffbc67c0000 - 0x00007ffbc67cc000 	C:\WINDOWS\SYSTEM32\CRYPTBASE.dll
0x00007ffbc62c0000 - 0x00007ffbc62fb000 	C:\WINDOWS\SYSTEM32\IPHLPAPI.DLL
0x00007ffbc7800000 - 0x00007ffbc7809000 	C:\WINDOWS\System32\NSI.dll
0x00007ffbbe250000 - 0x00007ffbbe267000 	C:\WINDOWS\SYSTEM32\dhcpcsvc6.DLL
0x00007ffbbea70000 - 0x00007ffbbea8d000 	C:\WINDOWS\SYSTEM32\dhcpcsvc.DLL
0x00007ffbc6300000 - 0x00007ffbc63cb000 	C:\WINDOWS\SYSTEM32\DNSAPI.dll

VM Arguments:
jvm_args: -XX:MaxMetaspaceSize=256m -XX:+HeapDumpOnOutOfMemoryError -Xms256m -Xmx512m -Dfile.encoding=windows-1252 -Duser.country=IN -Duser.language=en -Duser.variant 
java_command: org.gradle.launcher.daemon.bootstrap.GradleDaemon 6.1.1
java_class_path (initial): C:\Users\Unique\.gradle\wrapper\dists\gradle-6.1.1-all\cfmwm155h49vnt3hynmlrsdst\gradle-6.1.1\lib\gradle-launcher-6.1.1.jar
Launcher Type: SUN_STANDARD

Environment Variables:
PATH=C:\Program Files\Java\bin;C:\oraclexe\app\oracle\product\11.2.0\server\bin;C:\Program Files (x86)\Common Files\Oracle\Java\javapath;C:\WINDOWS\system32;C:\WINDOWS;C:\WINDOWS\System32\Wbem;C:\WINDOWS\System32\WindowsPowerShell\v1.0\;C:\Program Files\PostgreSQL\10\bin;C:\Program Files\PostgreSQL\10\lib;C:\WINDOWS\System32\OpenSSH\;C:\instantclient_12_1;"C:\WINDOWS\system32;C:\WINDOWS;";C:\iverilog\bin;"C:\Program Files;C:\Winnt;C:\Winnt\System32";c:\myfolder;C:\oraclexe\app\oracle\product\11.2.0\server\bin;C:\Program Files (x86)\Common Files\Oracle\Java\javapath;H:\app\Unique\product\11.2.0\dbhome_1\bin;C:\WINDOWS\system32;C:\WINDOWS;C:\WINDOWS\System32\Wbem;C:\WINDOWS\System32\WindowsPowerShell\v1.0\;C:\Program Files\PostgreSQL\10\bin;C:\Program Files\PostgreSQL\10\lib;C:\WINDOWS\System32\OpenSSH\;C:\instantclient_12_1;C:\iverilog\bin;;%USERPROFILE%\AppData\Local\Microsoft\WindowsApps
USERNAME=Unique
OS=Windows_NT
PROCESSOR_IDENTIFIER=Intel64 Family 6 Model 69 Stepping 1, GenuineIntel



---------------  S Y S T E M  ---------------

OS: Windows 10.0 , 64 bit Build 19041 (10.0.19041.292)

CPU:total 4 (initial active 4) (2 cores per cpu, 2 threads per core) family 6 model 69 stepping 1, cmov, cx8, fxsr, mmx, sse, sse2, sse3, ssse3, sse4.1, sse4.2, popcnt, avx, avx2, aes, clmul, erms, lzcnt, ht, tsc, tscinvbit, bmi1, bmi2

Memory: 4k page, physical 8303212k(2553036k free), swap 8303212k(4112k free)

vm_info: OpenJDK 64-Bit Server VM (25.242-b01) for windows-amd64 JRE (1.8.0_242-release-1644-b01), built by "builder" with MS VC++ 10.0 (VS2010)

time: Tue Oct 06 23:54:27 2020
timezone: India Standard Time
elapsed time: 9 seconds (0d 0h 0m 9s)

